<?xml version="1.0" encoding="UTF-8"?>
<!-- Generated by org.testng.reporters.JUnitXMLReporter -->
<testsuite ignored="0" hostname="IN-PG02A5LG" failures="1" tests="6" name="Login Test" time="5.969" errors="0" timestamp="2022-09-26T13:56:48 IST">
  <testcase classname="Testcases.LoginPageTest" name="@AfterMethod teardownTest" time="2.359">
    <failure type="org.openqa.selenium.WebDriverException" message="chrome not reachable
  (Session info: chrome=105.0.5195.127)
Build info: version: &amp;apos;4.4.0&amp;apos;, revision: &amp;apos;e5c75ed026a&amp;apos;
System info: host: &amp;apos;IN-PG02A5LG&amp;apos;, ip: &amp;apos;192.168.16.102&amp;apos;, os.name: &amp;apos;Windows 11&amp;apos;, os.arch: &amp;apos;amd64&amp;apos;, os.version: &amp;apos;10.0&amp;apos;, java.version: &amp;apos;17.0.2&amp;apos;
Driver info: org.openqa.selenium.chrome.ChromeDriver
Command: [1f18d441af8f555e1089db575ad553fb, close {}]
Capabilities {acceptInsecureCerts: false, browserName: chrome, browserVersion: 105.0.5195.127, chrome: {chromedriverVersion: 105.0.5195.52 (412c95e51883..., userDataDir: C:\Users\HIMANS~1\AppData\L...}, goog:chromeOptions: {debuggerAddress: localhost:63370}, networkConnectionEnabled: false, pageLoadStrategy: normal, platformName: WINDOWS, proxy: Proxy(), se:cdp: ws://localhost:63370/devtoo..., se:cdpVersion: 105.0.5195.127, setWindowRect: true, strictFileInteractability: false, timeouts: {implicit: 0, pageLoad: 300000, script: 30000}, unhandledPromptBehavior: dismiss and notify, webauthn:extension:credBlob: true, webauthn:extension:largeBlob: true, webauthn:virtualAuthenticators: true}
Session ID: 1f18d441af8f555e1089db575ad553fb">
      <![CDATA[org.openqa.selenium.WebDriverException: chrome not reachable
  (Session info: chrome=105.0.5195.127)
Build info: version: '4.4.0', revision: 'e5c75ed026a'
System info: host: 'IN-PG02A5LG', ip: '192.168.16.102', os.name: 'Windows 11', os.arch: 'amd64', os.version: '10.0', java.version: '17.0.2'
Driver info: org.openqa.selenium.chrome.ChromeDriver
Command: [1f18d441af8f555e1089db575ad553fb, close {}]
Capabilities {acceptInsecureCerts: false, browserName: chrome, browserVersion: 105.0.5195.127, chrome: {chromedriverVersion: 105.0.5195.52 (412c95e51883..., userDataDir: C:\Users\HIMANS~1\AppData\L...}, goog:chromeOptions: {debuggerAddress: localhost:63370}, networkConnectionEnabled: false, pageLoadStrategy: normal, platformName: WINDOWS, proxy: Proxy(), se:cdp: ws://localhost:63370/devtoo..., se:cdpVersion: 105.0.5195.127, setWindowRect: true, strictFileInteractability: false, timeouts: {implicit: 0, pageLoad: 300000, script: 30000}, unhandledPromptBehavior: dismiss and notify, webauthn:extension:credBlob: true, webauthn:extension:largeBlob: true, webauthn:virtualAuthenticators: true}
Session ID: 1f18d441af8f555e1089db575ad553fb
at org.openqa.selenium.remote.codec.w3c.W3CHttpResponseCodec.createException(W3CHttpResponseCodec.java:200)
at org.openqa.selenium.remote.codec.w3c.W3CHttpResponseCodec.decode(W3CHttpResponseCodec.java:133)
at org.openqa.selenium.remote.codec.w3c.W3CHttpResponseCodec.decode(W3CHttpResponseCodec.java:53)
at org.openqa.selenium.remote.HttpCommandExecutor.execute(HttpCommandExecutor.java:184)
at org.openqa.selenium.remote.service.DriverCommandExecutor.invokeExecute(DriverCommandExecutor.java:167)
at org.openqa.selenium.remote.service.DriverCommandExecutor.execute(DriverCommandExecutor.java:142)
at org.openqa.selenium.remote.RemoteWebDriver.execute(RemoteWebDriver.java:547)
at org.openqa.selenium.remote.RemoteWebDriver.execute(RemoteWebDriver.java:602)
at org.openqa.selenium.remote.RemoteWebDriver.execute(RemoteWebDriver.java:606)
at org.openqa.selenium.remote.RemoteWebDriver.close(RemoteWebDriver.java:432)
at Testcases.LoginPageTest.teardownTest(LoginPageTest.java:131)
at java.base/java.util.ArrayList.forEach(ArrayList.java:1511)
... Removed 37 stack frames]]>
    </failure>
  </testcase> <!-- @AfterMethod teardownTest -->
  <testcase classname="BasePage.BasePage" name="@AfterMethod testResult" time="-1.664180808145E9">
    <skipped/>
  </testcase> <!-- @AfterMethod testResult -->
  <testcase classname="BasePage.BasePage" name="@BeforeMethod startTest" time="-1.664180808149E9">
    <skipped/>
  </testcase> <!-- @BeforeMethod startTest -->
  <testcase classname="Testcases.LoginPageTest" name="@BeforeMethod Setup" time="-1.66418080815E9">
    <skipped/>
  </testcase> <!-- @BeforeMethod Setup -->
  <testcase classname="Testcases.LoginPageTest" name="@AfterMethod teardownTest" time="-1.664180808155E9">
    <skipped/>
  </testcase> <!-- @AfterMethod teardownTest -->
  <testcase classname="BasePage.BasePage" name="@AfterMethod testResult" time="-1.664180808156E9">
    <skipped/>
  </testcase> <!-- @AfterMethod testResult -->
  <testcase classname="BasePage.BasePage" name="@BeforeMethod startTest" time="-1.664180808157E9">
    <skipped/>
  </testcase> <!-- @BeforeMethod startTest -->
  <testcase classname="Testcases.LoginPageTest" name="@BeforeMethod Setup" time="-1.664180808158E9">
    <skipped/>
  </testcase> <!-- @BeforeMethod Setup -->
  <testcase classname="Testcases.LoginPageTest" name="@AfterMethod teardownTest" time="-1.664180808161E9">
    <skipped/>
  </testcase> <!-- @AfterMethod teardownTest -->
  <testcase classname="BasePage.BasePage" name="@AfterMethod testResult" time="-1.664180808161E9">
    <skipped/>
  </testcase> <!-- @AfterMethod testResult -->
  <testcase classname="BasePage.BasePage" name="@BeforeMethod startTest" time="-1.664180808162E9">
    <skipped/>
  </testcase> <!-- @BeforeMethod startTest -->
  <testcase classname="Testcases.LoginPageTest" name="@BeforeMethod Setup" time="-1.664180808164E9">
    <skipped/>
  </testcase> <!-- @BeforeMethod Setup -->
  <testcase classname="Testcases.LoginPageTest" name="@AfterMethod teardownTest" time="-1.664180808167E9">
    <skipped/>
  </testcase> <!-- @AfterMethod teardownTest -->
  <testcase classname="BasePage.BasePage" name="@AfterMethod testResult" time="-1.664180808168E9">
    <skipped/>
  </testcase> <!-- @AfterMethod testResult -->
  <testcase classname="BasePage.BasePage" name="@BeforeMethod startTest" time="-1.664180808169E9">
    <skipped/>
  </testcase> <!-- @BeforeMethod startTest -->
  <testcase classname="Testcases.LoginPageTest" name="@BeforeMethod Setup" time="-1.66418080817E9">
    <skipped/>
  </testcase> <!-- @BeforeMethod Setup -->
  <testcase classname="Testcases.LoginPageTest" name="@AfterMethod teardownTest" time="-1.664180808174E9">
    <skipped/>
  </testcase> <!-- @AfterMethod teardownTest -->
  <testcase classname="BasePage.BasePage" name="@AfterMethod testResult" time="-1.664180808175E9">
    <skipped/>
  </testcase> <!-- @AfterMethod testResult -->
  <testcase classname="BasePage.BasePage" name="@BeforeMethod startTest" time="-1.664180808176E9">
    <skipped/>
  </testcase> <!-- @BeforeMethod startTest -->
  <testcase classname="Testcases.LoginPageTest" name="@BeforeMethod Setup" time="-1.664180808176E9">
    <skipped/>
  </testcase> <!-- @BeforeMethod Setup -->
  <testcase classname="Testcases.LoginPageTest" name="@AfterMethod teardownTest" time="-1.664180808179E9">
    <skipped/>
  </testcase> <!-- @AfterMethod teardownTest -->
  <testcase classname="BasePage.BasePage" name="@AfterMethod testResult" time="-1.66418080818E9">
    <skipped/>
  </testcase> <!-- @AfterMethod testResult -->
  <testcase classname="Testcases.LoginPageTest" name="loginUsingMobileNumber" time="0.05">
    <failure type="org.openqa.selenium.NoSuchWindowException" message="no such window: target window already closed
from unknown error: web view not found
  (Session info: chrome=105.0.5195.127)
Build info: version: &amp;apos;4.4.0&amp;apos;, revision: &amp;apos;e5c75ed026a&amp;apos;
System info: host: &amp;apos;IN-PG02A5LG&amp;apos;, ip: &amp;apos;192.168.16.102&amp;apos;, os.name: &amp;apos;Windows 11&amp;apos;, os.arch: &amp;apos;amd64&amp;apos;, os.version: &amp;apos;10.0&amp;apos;, java.version: &amp;apos;17.0.2&amp;apos;
Driver info: org.openqa.selenium.chrome.ChromeDriver
Command: [1f18d441af8f555e1089db575ad553fb, findElement {using=xpath, value=//*[@id=&amp;quot;container&amp;quot;]/div/div[1]/div[1]/div[2]/div[3]/div/div/div/a}]
Capabilities {acceptInsecureCerts: false, browserName: chrome, browserVersion: 105.0.5195.127, chrome: {chromedriverVersion: 105.0.5195.52 (412c95e51883..., userDataDir: C:\Users\HIMANS~1\AppData\L...}, goog:chromeOptions: {debuggerAddress: localhost:63370}, networkConnectionEnabled: false, pageLoadStrategy: normal, platformName: WINDOWS, proxy: Proxy(), se:cdp: ws://localhost:63370/devtoo..., se:cdpVersion: 105.0.5195.127, setWindowRect: true, strictFileInteractability: false, timeouts: {implicit: 0, pageLoad: 300000, script: 30000}, unhandledPromptBehavior: dismiss and notify, webauthn:extension:credBlob: true, webauthn:extension:largeBlob: true, webauthn:virtualAuthenticators: true}
Session ID: 1f18d441af8f555e1089db575ad553fb">
      <![CDATA[org.openqa.selenium.NoSuchWindowException: no such window: target window already closed
from unknown error: web view not found
  (Session info: chrome=105.0.5195.127)
Build info: version: '4.4.0', revision: 'e5c75ed026a'
System info: host: 'IN-PG02A5LG', ip: '192.168.16.102', os.name: 'Windows 11', os.arch: 'amd64', os.version: '10.0', java.version: '17.0.2'
Driver info: org.openqa.selenium.chrome.ChromeDriver
Command: [1f18d441af8f555e1089db575ad553fb, findElement {using=xpath, value=//*[@id="container"]/div/div[1]/div[1]/div[2]/div[3]/div/div/div/a}]
Capabilities {acceptInsecureCerts: false, browserName: chrome, browserVersion: 105.0.5195.127, chrome: {chromedriverVersion: 105.0.5195.52 (412c95e51883..., userDataDir: C:\Users\HIMANS~1\AppData\L...}, goog:chromeOptions: {debuggerAddress: localhost:63370}, networkConnectionEnabled: false, pageLoadStrategy: normal, platformName: WINDOWS, proxy: Proxy(), se:cdp: ws://localhost:63370/devtoo..., se:cdpVersion: 105.0.5195.127, setWindowRect: true, strictFileInteractability: false, timeouts: {implicit: 0, pageLoad: 300000, script: 30000}, unhandledPromptBehavior: dismiss and notify, webauthn:extension:credBlob: true, webauthn:extension:largeBlob: true, webauthn:virtualAuthenticators: true}
Session ID: 1f18d441af8f555e1089db575ad553fb
at org.openqa.selenium.remote.codec.w3c.W3CHttpResponseCodec.createException(W3CHttpResponseCodec.java:200)
at org.openqa.selenium.remote.codec.w3c.W3CHttpResponseCodec.decode(W3CHttpResponseCodec.java:133)
at org.openqa.selenium.remote.codec.w3c.W3CHttpResponseCodec.decode(W3CHttpResponseCodec.java:53)
at org.openqa.selenium.remote.HttpCommandExecutor.execute(HttpCommandExecutor.java:184)
at org.openqa.selenium.remote.service.DriverCommandExecutor.invokeExecute(DriverCommandExecutor.java:167)
at org.openqa.selenium.remote.service.DriverCommandExecutor.execute(DriverCommandExecutor.java:142)
at org.openqa.selenium.remote.RemoteWebDriver.execute(RemoteWebDriver.java:547)
at org.openqa.selenium.remote.ElementLocation$ElementFinder$2.findElement(ElementLocation.java:162)
at org.openqa.selenium.remote.ElementLocation.findElement(ElementLocation.java:60)
at org.openqa.selenium.remote.RemoteWebDriver.findElement(RemoteWebDriver.java:365)
at org.openqa.selenium.remote.RemoteWebDriver.findElement(RemoteWebDriver.java:357)
at Pages.LoginPage.login_btn_click(LoginPage.java:15)
at Testcases.LoginPageTest.loginUsingMobileNumber(LoginPageTest.java:38)
at java.base/java.util.ArrayList.forEach(ArrayList.java:1511)
... Removed 32 stack frames]]>
    </failure>
  </testcase> <!-- loginUsingMobileNumber -->
  <testcase classname="Testcases.LoginPageTest" name="loginUsingEmailID" time="0.0">
    <skipped/>
  </testcase> <!-- loginUsingEmailID -->
  <testcase classname="Testcases.LoginPageTest" name="invalidEmailLogin" time="0.0">
    <skipped/>
  </testcase> <!-- invalidEmailLogin -->
  <testcase classname="Testcases.LoginPageTest" name="invalidMobileNumberLogin" time="0.0">
    <skipped/>
  </testcase> <!-- invalidMobileNumberLogin -->
  <testcase classname="Testcases.LoginPageTest" name="invalidPasswordLoginCorrectMobilenumber" time="0.0">
    <skipped/>
  </testcase> <!-- invalidPasswordLoginCorrectMobilenumber -->
  <testcase classname="Testcases.LoginPageTest" name="invalidPasswordLoginCorrectEmailID" time="0.0">
    <skipped/>
  </testcase> <!-- invalidPasswordLoginCorrectEmailID -->
</testsuite> <!-- Login Test -->
