<?xml version="1.0" encoding="UTF-8"?>
<!-- Generated by org.testng.reporters.JUnitXMLReporter -->
<testsuite ignored="30" hostname="IN-PG02A5LG" failures="2" tests="22" name="Test" time="1006.947" errors="0" timestamp="2022-10-07T12:20:03 IST">
  <testcase classname="Testcases.paymentTest" name="@BeforeMethod Setup" time="180.844">
    <failure type="org.openqa.selenium.TimeoutException" message="java.util.concurrent.TimeoutException
Build info: version: &amp;apos;4.4.0&amp;apos;, revision: &amp;apos;e5c75ed026a&amp;apos;
System info: host: &amp;apos;IN-PG02A5LG&amp;apos;, ip: &amp;apos;192.168.16.102&amp;apos;, os.name: &amp;apos;Windows 11&amp;apos;, os.arch: &amp;apos;amd64&amp;apos;, os.version: &amp;apos;10.0&amp;apos;, java.version: &amp;apos;17.0.2&amp;apos;
Driver info: org.openqa.selenium.chrome.ChromeDriver
Command: [68cffafc339fde54d8646e242b01e66c, get {url=https://www.flipkart.com/}]
Capabilities {acceptInsecureCerts: false, browserName: chrome, browserVersion: 105.0.5195.127, chrome: {chromedriverVersion: 105.0.5195.52 (412c95e51883..., userDataDir: C:\Users\HIMANS~1\AppData\L...}, goog:chromeOptions: {debuggerAddress: localhost:65297}, networkConnectionEnabled: false, pageLoadStrategy: normal, platformName: WINDOWS, proxy: Proxy(), se:cdp: ws://localhost:65297/devtoo..., se:cdpVersion: 105.0.5195.127, setWindowRect: true, strictFileInteractability: false, timeouts: {implicit: 0, pageLoad: 300000, script: 30000}, unhandledPromptBehavior: dismiss and notify, webauthn:extension:credBlob: true, webauthn:extension:largeBlob: true, webauthn:virtualAuthenticators: true}
Session ID: 68cffafc339fde54d8646e242b01e66c">
      <![CDATA[org.openqa.selenium.TimeoutException: java.util.concurrent.TimeoutException
Build info: version: '4.4.0', revision: 'e5c75ed026a'
System info: host: 'IN-PG02A5LG', ip: '192.168.16.102', os.name: 'Windows 11', os.arch: 'amd64', os.version: '10.0', java.version: '17.0.2'
Driver info: org.openqa.selenium.chrome.ChromeDriver
Command: [68cffafc339fde54d8646e242b01e66c, get {url=https://www.flipkart.com/}]
Capabilities {acceptInsecureCerts: false, browserName: chrome, browserVersion: 105.0.5195.127, chrome: {chromedriverVersion: 105.0.5195.52 (412c95e51883..., userDataDir: C:\Users\HIMANS~1\AppData\L...}, goog:chromeOptions: {debuggerAddress: localhost:65297}, networkConnectionEnabled: false, pageLoadStrategy: normal, platformName: WINDOWS, proxy: Proxy(), se:cdp: ws://localhost:65297/devtoo..., se:cdpVersion: 105.0.5195.127, setWindowRect: true, strictFileInteractability: false, timeouts: {implicit: 0, pageLoad: 300000, script: 30000}, unhandledPromptBehavior: dismiss and notify, webauthn:extension:credBlob: true, webauthn:extension:largeBlob: true, webauthn:virtualAuthenticators: true}
Session ID: 68cffafc339fde54d8646e242b01e66c
at org.openqa.selenium.remote.http.netty.NettyHttpHandler.makeCall(NettyHttpHandler.java:65)
at org.openqa.selenium.remote.http.AddSeleniumUserAgent.lambda$apply$0(AddSeleniumUserAgent.java:42)
at org.openqa.selenium.remote.http.Filter.lambda$andFinally$1(Filter.java:56)
at org.openqa.selenium.remote.http.netty.NettyHttpHandler.execute(NettyHttpHandler.java:49)
at org.openqa.selenium.remote.http.AddSeleniumUserAgent.lambda$apply$0(AddSeleniumUserAgent.java:42)
at org.openqa.selenium.remote.http.Filter.lambda$andFinally$1(Filter.java:56)
at org.openqa.selenium.remote.http.netty.NettyClient.execute(NettyClient.java:98)
at org.openqa.selenium.remote.HttpCommandExecutor.execute(HttpCommandExecutor.java:181)
at org.openqa.selenium.remote.service.DriverCommandExecutor.invokeExecute(DriverCommandExecutor.java:167)
at org.openqa.selenium.remote.service.DriverCommandExecutor.execute(DriverCommandExecutor.java:142)
at org.openqa.selenium.remote.RemoteWebDriver.execute(RemoteWebDriver.java:547)
at org.openqa.selenium.remote.RemoteWebDriver.get(RemoteWebDriver.java:310)
at BasePage.BasePage.setup(BasePage.java:68)
at Testcases.paymentTest.Setup(paymentTest.java:33)
at java.base/java.util.ArrayList.forEach(ArrayList.java:1511)
Caused by: java.util.concurrent.TimeoutException
at java.base/java.util.concurrent.CompletableFuture.timedGet(CompletableFuture.java:1960)
at java.base/java.util.concurrent.CompletableFuture.get(CompletableFuture.java:2095)
at org.asynchttpclient.netty.NettyResponseFuture.get(NettyResponseFuture.java:206)
at org.openqa.selenium.remote.http.netty.NettyHttpHandler.makeCall(NettyHttpHandler.java:59)
... 45 more
... Removed 31 stack frames]]>
    </failure>
  </testcase> <!-- @BeforeMethod Setup -->
  <testcase classname="BasePage.BasePage" name="@AfterMethod afterMethod" time="-1.665124920686E9">
    <skipped/>
  </testcase> <!-- @AfterMethod afterMethod -->
  <testcase classname="BasePage.BasePage" name="@AfterMethod teardown" time="-1.665124920687E9">
    <skipped/>
  </testcase> <!-- @AfterMethod teardown -->
  <testcase classname="BasePage.BasePage" name="@BeforeMethod startTest" time="-1.665124920688E9">
    <skipped/>
  </testcase> <!-- @BeforeMethod startTest -->
  <testcase classname="Testcases.paymentTest" name="@BeforeMethod Setup" time="-1.665124920689E9">
    <skipped/>
  </testcase> <!-- @BeforeMethod Setup -->
  <testcase classname="BasePage.BasePage" name="@AfterMethod afterMethod" time="-1.665124920694E9">
    <skipped/>
  </testcase> <!-- @AfterMethod afterMethod -->
  <testcase classname="BasePage.BasePage" name="@AfterMethod teardown" time="-1.665124920694E9">
    <skipped/>
  </testcase> <!-- @AfterMethod teardown -->
  <testcase classname="Testcases.signUpTest" name="signUpTesting" time="17.458"/>
  <testcase classname="Testcases.LoginPageTest" name="loginUsingMobileNumber" time="8.246"/>
  <testcase classname="Testcases.LoginPageTest" name="loginUsingEmailID" time="8.31"/>
  <testcase classname="Testcases.LoginPageTest" name="invalidEmailLogin" time="6.299">
    <failure type="org.junit.ComparisonFailure" message="Condition true expected:&amp;lt;[Online Shopping Site for Mobiles, Electronics, Furniture, Grocery, Lifestyle, Books &amp;amp; More. Best Offers!]&amp;gt; but was:&amp;lt;[Flipkart]&amp;gt;">
      <![CDATA[org.junit.ComparisonFailure: Condition true expected:<[Online Shopping Site for Mobiles, Electronics, Furniture, Grocery, Lifestyle, Books & More. Best Offers!]> but was:<[Flipkart]>
at org.junit.Assert.assertEquals(Assert.java:115)
at Testcases.LoginPageTest.invalidEmailLogin(LoginPageTest.java:92)
at java.base/java.util.ArrayList.forEach(ArrayList.java:1511)
... Removed 27 stack frames]]>
    </failure>
  </testcase> <!-- invalidEmailLogin -->
  <testcase classname="Testcases.LoginPageTest" name="invalidMobileNumberLogin" time="6.233">
    <failure type="org.junit.ComparisonFailure" message="Condition true expected:&amp;lt;[Online Shopping Site for Mobiles, Electronics, Furniture, Grocery, Lifestyle, Books &amp;amp; More. Best Offers!]&amp;gt; but was:&amp;lt;[Flipkart]&amp;gt;">
      <![CDATA[org.junit.ComparisonFailure: Condition true expected:<[Online Shopping Site for Mobiles, Electronics, Furniture, Grocery, Lifestyle, Books & More. Best Offers!]> but was:<[Flipkart]>
at org.junit.Assert.assertEquals(Assert.java:115)
at Testcases.LoginPageTest.invalidMobileNumberLogin(LoginPageTest.java:114)
at java.base/java.util.ArrayList.forEach(ArrayList.java:1511)
... Removed 27 stack frames]]>
    </failure>
  </testcase> <!-- invalidMobileNumberLogin -->
  <testcase classname="Testcases.LoginPageTest" name="excellogintesting" time="4.93"/>
  <testcase classname="Testcases.SearchItemTest" name="searchitem" time="16.335"/>
  <testcase classname="Testcases.FilterTest" name="filterOption" time="14.515"/>
  <testcase classname="Testcases.AddtoCartTest" name="selectItem" time="12.667"/>
  <testcase classname="Testcases.paymentTest" name="paymentgiftcard" time="0.0">
    <skipped/>
  </testcase> <!-- paymentgiftcard -->
  <testcase classname="Testcases.paymentTest" name="paymentsavedcard" time="0.0">
    <skipped/>
  </testcase> <!-- paymentsavedcard -->
  <testcase classname="Testcases.myOrdersTest" name="myOrderstesting" time="14.828"/>
  <testcase classname="Testcases.CouponsTest" name="coupontesing" time="15.866"/>
  <testcase classname="Testcases.ProfileTest" name="profiletesing" time="21.446"/>
  <testcase classname="Testcases.TopOfferTest" name="topoffertesting" time="10.694"/>
  <testcase classname="Testcases.becomeAsellerTest" name="becomesellerTesting" time="14.73"/>
  <testcase classname="Testcases.groceryTest" name="groceryiconTesting" time="2.322"/>
  <testcase classname="Testcases.contactUsTest" name="contactusclick" time="5.395"/>
  <testcase classname="Testcases.contactUsTest" name="helpcentericon" time="3.616"/>
  <testcase classname="Testcases.CarrerTest" name="CareerTesting" time="12.227"/>
  <testcase classname="Testcases.TravelIconTest" name="TraveliconTesting" time="9.205"/>
  <testcase classname="Testcases.signoutTest" name="SignOutTesting" time="14.802"/>
  <testcase classname="BasePage.BasePage" name="@BeforeSuite init" time="0.0">
    <ignored/>
  </testcase> <!-- @BeforeSuite init -->
  <testcase classname="BasePage.BasePage" name="@BeforeSuite init" time="0.0">
    <ignored/>
  </testcase> <!-- @BeforeSuite init -->
  <testcase classname="BasePage.BasePage" name="@BeforeSuite init" time="0.0">
    <ignored/>
  </testcase> <!-- @BeforeSuite init -->
  <testcase classname="BasePage.BasePage" name="@BeforeSuite init" time="0.0">
    <ignored/>
  </testcase> <!-- @BeforeSuite init -->
  <testcase classname="BasePage.BasePage" name="@BeforeSuite init" time="0.0">
    <ignored/>
  </testcase> <!-- @BeforeSuite init -->
  <testcase classname="BasePage.BasePage" name="@BeforeSuite init" time="0.0">
    <ignored/>
  </testcase> <!-- @BeforeSuite init -->
  <testcase classname="BasePage.BasePage" name="@BeforeSuite init" time="0.0">
    <ignored/>
  </testcase> <!-- @BeforeSuite init -->
  <testcase classname="BasePage.BasePage" name="@BeforeSuite init" time="0.0">
    <ignored/>
  </testcase> <!-- @BeforeSuite init -->
  <testcase classname="BasePage.BasePage" name="@BeforeSuite init" time="0.0">
    <ignored/>
  </testcase> <!-- @BeforeSuite init -->
  <testcase classname="BasePage.BasePage" name="@BeforeSuite init" time="0.0">
    <ignored/>
  </testcase> <!-- @BeforeSuite init -->
  <testcase classname="BasePage.BasePage" name="@BeforeSuite init" time="0.0">
    <ignored/>
  </testcase> <!-- @BeforeSuite init -->
  <testcase classname="BasePage.BasePage" name="@BeforeSuite init" time="0.0">
    <ignored/>
  </testcase> <!-- @BeforeSuite init -->
  <testcase classname="BasePage.BasePage" name="@BeforeSuite init" time="0.0">
    <ignored/>
  </testcase> <!-- @BeforeSuite init -->
  <testcase classname="BasePage.BasePage" name="@BeforeSuite init" time="0.0">
    <ignored/>
  </testcase> <!-- @BeforeSuite init -->
  <testcase classname="BasePage.BasePage" name="@BeforeSuite init" time="0.0">
    <ignored/>
  </testcase> <!-- @BeforeSuite init -->
  <testcase classname="BasePage.BasePage" name="@AfterSuite reportFlush" time="0.0">
    <ignored/>
  </testcase> <!-- @AfterSuite reportFlush -->
  <testcase classname="BasePage.BasePage" name="@AfterSuite reportFlush" time="0.0">
    <ignored/>
  </testcase> <!-- @AfterSuite reportFlush -->
  <testcase classname="BasePage.BasePage" name="@AfterSuite reportFlush" time="0.0">
    <ignored/>
  </testcase> <!-- @AfterSuite reportFlush -->
  <testcase classname="BasePage.BasePage" name="@AfterSuite reportFlush" time="0.0">
    <ignored/>
  </testcase> <!-- @AfterSuite reportFlush -->
  <testcase classname="BasePage.BasePage" name="@AfterSuite reportFlush" time="0.0">
    <ignored/>
  </testcase> <!-- @AfterSuite reportFlush -->
  <testcase classname="BasePage.BasePage" name="@AfterSuite reportFlush" time="0.0">
    <ignored/>
  </testcase> <!-- @AfterSuite reportFlush -->
  <testcase classname="BasePage.BasePage" name="@AfterSuite reportFlush" time="0.0">
    <ignored/>
  </testcase> <!-- @AfterSuite reportFlush -->
  <testcase classname="BasePage.BasePage" name="@AfterSuite reportFlush" time="0.0">
    <ignored/>
  </testcase> <!-- @AfterSuite reportFlush -->
  <testcase classname="BasePage.BasePage" name="@AfterSuite reportFlush" time="0.0">
    <ignored/>
  </testcase> <!-- @AfterSuite reportFlush -->
  <testcase classname="BasePage.BasePage" name="@AfterSuite reportFlush" time="0.0">
    <ignored/>
  </testcase> <!-- @AfterSuite reportFlush -->
  <testcase classname="BasePage.BasePage" name="@AfterSuite reportFlush" time="0.0">
    <ignored/>
  </testcase> <!-- @AfterSuite reportFlush -->
  <testcase classname="BasePage.BasePage" name="@AfterSuite reportFlush" time="0.0">
    <ignored/>
  </testcase> <!-- @AfterSuite reportFlush -->
  <testcase classname="BasePage.BasePage" name="@AfterSuite reportFlush" time="0.0">
    <ignored/>
  </testcase> <!-- @AfterSuite reportFlush -->
  <testcase classname="BasePage.BasePage" name="@AfterSuite reportFlush" time="0.0">
    <ignored/>
  </testcase> <!-- @AfterSuite reportFlush -->
  <testcase classname="BasePage.BasePage" name="@AfterSuite reportFlush" time="0.0">
    <ignored/>
  </testcase> <!-- @AfterSuite reportFlush -->
</testsuite> <!-- Test -->
