<!DOCTYPE html PUBLIC "-//W3C//DTD XHTML 1.1//EN" "https://www.w3.org/TR/xhtml11/DTD/xhtml11.dtd">
<html xmlns="https://www.w3.org/1999/xhtml">
<head>
<meta http-equiv="content-type" content="text/html; charset=UTF-8"/>
<title>TestNG Report</title>
<style type="text/css">table {margin-bottom:10px;border-collapse:collapse;empty-cells:show}th,td {border:1px solid #009;padding:.25em .5em}th {vertical-align:bottom}td {vertical-align:top}table a {font-weight:bold}.stripe td {background-color: #E6EBF9}.num {text-align:right}.passedodd td {background-color: #3F3}.passedeven td {background-color: #0A0}.skippedodd td {background-color: #DDD}.skippedeven td {background-color: #CCC}.failedodd td,.attn {background-color: #F33}.failedeven td,.stripe .attn {background-color: #D00}.stacktrace {white-space:pre;font-family:monospace}.totop {font-size:85%;text-align:center;border-bottom:2px solid #000}.invisible {display:none}</style>
</head>
<body>
<table>
<tr><th>Test</th><th># Passed</th><th># Skipped</th><th># Retried</th><th># Failed</th><th>Time (ms)</th><th>Included Groups</th><th>Excluded Groups</th></tr>
<tr><th colspan="8">Suite</th></tr>
<tr><td><a href="#t0">Test</a></td><td class="num">18</td><td class="num attn">2</td><td class="num">0</td><td class="num attn">2</td><td class="num">1,006,947</td><td></td><td></td></tr>
</table>
<table id='summary'><thead><tr><th>Class</th><th>Method</th><th>Start</th><th>Time (ms)</th></tr></thead><tbody><tr><th colspan="4">Suite</th></tr></tbody><tbody id="t0"><tr><th colspan="4">Test &#8212; failed (configuration methods)</th></tr><tr class="failedeven"><td rowspan="1">Testcases.paymentTest</td><td><a href="#m0">Setup</a></td><td rowspan="1">1665124739833</td><td rowspan="1">180844</td></tr><tr><th colspan="4">Test &#8212; failed</th></tr><tr class="failedeven"><td rowspan="2">Testcases.LoginPageTest</td><td><a href="#m1">invalidEmailLogin</a></td><td rowspan="1">1665124520463</td><td rowspan="1">6299</td></tr><tr class="failedeven"><td><a href="#m2">invalidMobileNumberLogin</a></td><td rowspan="1">1665124553266</td><td rowspan="1">6233</td></tr><tr><th colspan="4">Test &#8212; skipped (configuration methods)</th></tr><tr class="skippedeven"><td rowspan="6">Testcases.paymentTest</td><td><a href="#m3">Setup</a></td><td rowspan="1">1665124920689</td><td rowspan="1">-1665124920689</td></tr><tr class="skippedeven"><td><a href="#m4">afterMethod</a></td><td rowspan="2">1665124920686</td><td rowspan="2">-1665124920686</td></tr><tr class="skippedeven"><td><a href="#m5">afterMethod</a></td></tr><tr class="skippedeven"><td><a href="#m6">startTest</a></td><td rowspan="1">1665124920688</td><td rowspan="1">-1665124920688</td></tr><tr class="skippedeven"><td><a href="#m7">teardown</a></td><td rowspan="2">1665124920687</td><td rowspan="2">-1665124920687</td></tr><tr class="skippedeven"><td><a href="#m8">teardown</a></td></tr><tr><th colspan="4">Test &#8212; skipped</th></tr><tr class="skippedeven"><td rowspan="2">Testcases.paymentTest</td><td><a href="#m9">paymentgiftcard</a></td><td rowspan="1">1665124920683</td><td rowspan="1">0</td></tr><tr class="skippedeven"><td><a href="#m10">paymentsavedcard</a></td><td rowspan="1">1665124920690</td><td rowspan="1">0</td></tr><tr><th colspan="4">Test &#8212; passed</th></tr><tr class="passedeven"><td rowspan="1">Testcases.AddtoCartTest</td><td><a href="#m11">selectItem</a></td><td rowspan="1">1665124727096</td><td rowspan="1">12667</td></tr><tr class="passedodd"><td rowspan="1">Testcases.CarrerTest</td><td><a href="#m12">CareerTesting</a></td><td rowspan="1">1665125307239</td><td rowspan="1">12227</td></tr><tr class="passedeven"><td rowspan="1">Testcases.CouponsTest</td><td><a href="#m13">coupontesing</a></td><td rowspan="1">1665125024230</td><td rowspan="1">15866</td></tr><tr class="passedodd"><td rowspan="1">Testcases.FilterTest</td><td><a href="#m14">filterOption</a></td><td rowspan="1">1665124686879</td><td rowspan="1">14515</td></tr><tr class="passedeven"><td rowspan="3">Testcases.LoginPageTest</td><td><a href="#m15">excellogintesting</a></td><td rowspan="1">1665124593354</td><td rowspan="1">4930</td></tr><tr class="passedeven"><td><a href="#m16">loginUsingEmailID</a></td><td rowspan="1">1665124502030</td><td rowspan="1">8310</td></tr><tr class="passedeven"><td><a href="#m17">loginUsingMobileNumber</a></td><td rowspan="1">1665124467135</td><td rowspan="1">8246</td></tr><tr class="passedodd"><td rowspan="1">Testcases.ProfileTest</td><td><a href="#m18">profiletesing</a></td><td rowspan="1">1665125095470</td><td rowspan="1">21446</td></tr><tr class="passedeven"><td rowspan="1">Testcases.SearchItemTest</td><td><a href="#m19">searchitem</a></td><td rowspan="1">1665124625040</td><td rowspan="1">16335</td></tr><tr class="passedodd"><td rowspan="1">Testcases.TopOfferTest</td><td><a href="#m20">topoffertesting</a></td><td rowspan="1">1665125147667</td><td rowspan="1">10694</td></tr><tr class="passedeven"><td rowspan="1">Testcases.TravelIconTest</td><td><a href="#m21">TraveliconTesting</a></td><td rowspan="1">1665125346827</td><td rowspan="1">9205</td></tr><tr class="passedodd"><td rowspan="1">Testcases.becomeAsellerTest</td><td><a href="#m22">becomesellerTesting</a></td><td rowspan="1">1665125184680</td><td rowspan="1">14730</td></tr><tr class="passedeven"><td rowspan="2">Testcases.contactUsTest</td><td><a href="#m23">contactusclick</a></td><td rowspan="1">1665125258595</td><td rowspan="1">5395</td></tr><tr class="passedeven"><td><a href="#m24">helpcentericon</a></td><td rowspan="1">1665125277597</td><td rowspan="1">3616</td></tr><tr class="passedodd"><td rowspan="1">Testcases.groceryTest</td><td><a href="#m25">groceryiconTesting</a></td><td rowspan="1">1665125228327</td><td rowspan="1">2322</td></tr><tr class="passedeven"><td rowspan="1">Testcases.myOrdersTest</td><td><a href="#m26">myOrderstesting</a></td><td rowspan="1">1665124961840</td><td rowspan="1">14828</td></tr><tr class="passedodd"><td rowspan="1">Testcases.signUpTest</td><td><a href="#m27">signUpTesting</a></td><td rowspan="1">1665124422689</td><td rowspan="1">17458</td></tr><tr class="passedeven"><td rowspan="1">Testcases.signoutTest</td><td><a href="#m28">SignOutTesting</a></td><td rowspan="1">1665125386434</td><td rowspan="1">14802</td></tr></tbody>
</table>
<h2>Test</h2><h3 id="m0">Testcases.paymentTest#Setup</h3><table class="result"><tr><th>Exception</th></tr><tr><td><div class="stacktrace">org.openqa.selenium.TimeoutException: java.util.concurrent.TimeoutException
Build info: version: &apos;4.4.0&apos;, revision: &apos;e5c75ed026a&apos;
System info: host: &apos;IN-PG02A5LG&apos;, ip: &apos;192.168.16.102&apos;, os.name: &apos;Windows 11&apos;, os.arch: &apos;amd64&apos;, os.version: &apos;10.0&apos;, java.version: &apos;17.0.2&apos;
Driver info: org.openqa.selenium.chrome.ChromeDriver
Command: [68cffafc339fde54d8646e242b01e66c, get {url=https://www.flipkart.com/}]
Capabilities {acceptInsecureCerts: false, browserName: chrome, browserVersion: 105.0.5195.127, chrome: {chromedriverVersion: 105.0.5195.52 (412c95e51883..., userDataDir: C:\Users\HIMANS~1\AppData\L...}, goog:chromeOptions: {debuggerAddress: localhost:65297}, networkConnectionEnabled: false, pageLoadStrategy: normal, platformName: WINDOWS, proxy: Proxy(), se:cdp: ws://localhost:65297/devtoo..., se:cdpVersion: 105.0.5195.127, setWindowRect: true, strictFileInteractability: false, timeouts: {implicit: 0, pageLoad: 300000, script: 30000}, unhandledPromptBehavior: dismiss and notify, webauthn:extension:credBlob: true, webauthn:extension:largeBlob: true, webauthn:virtualAuthenticators: true}
Session ID: 68cffafc339fde54d8646e242b01e66c
	at org.openqa.selenium.remote.http.netty.NettyHttpHandler.makeCall(NettyHttpHandler.java:65)
	at org.openqa.selenium.remote.http.AddSeleniumUserAgent.lambda$apply$0(AddSeleniumUserAgent.java:42)
	at org.openqa.selenium.remote.http.Filter.lambda$andFinally$1(Filter.java:56)
	at org.openqa.selenium.remote.http.netty.NettyHttpHandler.execute(NettyHttpHandler.java:49)
	at org.openqa.selenium.remote.http.AddSeleniumUserAgent.lambda$apply$0(AddSeleniumUserAgent.java:42)
	at org.openqa.selenium.remote.http.Filter.lambda$andFinally$1(Filter.java:56)
	at org.openqa.selenium.remote.http.netty.NettyClient.execute(NettyClient.java:98)
	at org.openqa.selenium.remote.HttpCommandExecutor.execute(HttpCommandExecutor.java:181)
	at org.openqa.selenium.remote.service.DriverCommandExecutor.invokeExecute(DriverCommandExecutor.java:167)
	at org.openqa.selenium.remote.service.DriverCommandExecutor.execute(DriverCommandExecutor.java:142)
	at org.openqa.selenium.remote.RemoteWebDriver.execute(RemoteWebDriver.java:547)
	at org.openqa.selenium.remote.RemoteWebDriver.get(RemoteWebDriver.java:310)
	at BasePage.BasePage.setup(BasePage.java:68)
	at Testcases.paymentTest.Setup(paymentTest.java:33)
	at java.base/java.util.ArrayList.forEach(ArrayList.java:1511)
Caused by: java.util.concurrent.TimeoutException
	at java.base/java.util.concurrent.CompletableFuture.timedGet(CompletableFuture.java:1960)
	at java.base/java.util.concurrent.CompletableFuture.get(CompletableFuture.java:2095)
	at org.asynchttpclient.netty.NettyResponseFuture.get(NettyResponseFuture.java:206)
	at org.openqa.selenium.remote.http.netty.NettyHttpHandler.makeCall(NettyHttpHandler.java:59)
	... 45 more
... Removed 31 stack frames</div></td></tr></table><p class="totop"><a href="#summary">back to summary</a></p>
<h3 id="m1">Testcases.LoginPageTest#invalidEmailLogin</h3><table class="result"><tr><th>Exception</th></tr><tr><td><div class="stacktrace">org.junit.ComparisonFailure: Condition true expected:&lt;[Online Shopping Site for Mobiles, Electronics, Furniture, Grocery, Lifestyle, Books &amp; More. Best Offers!]&gt; but was:&lt;[Flipkart]&gt;
	at org.junit.Assert.assertEquals(Assert.java:115)
	at Testcases.LoginPageTest.invalidEmailLogin(LoginPageTest.java:92)
	at java.base/java.util.ArrayList.forEach(ArrayList.java:1511)
... Removed 27 stack frames</div></td></tr></table><p class="totop"><a href="#summary">back to summary</a></p>
<h3 id="m2">Testcases.LoginPageTest#invalidMobileNumberLogin</h3><table class="result"><tr><th>Exception</th></tr><tr><td><div class="stacktrace">org.junit.ComparisonFailure: Condition true expected:&lt;[Online Shopping Site for Mobiles, Electronics, Furniture, Grocery, Lifestyle, Books &amp; More. Best Offers!]&gt; but was:&lt;[Flipkart]&gt;
	at org.junit.Assert.assertEquals(Assert.java:115)
	at Testcases.LoginPageTest.invalidMobileNumberLogin(LoginPageTest.java:114)
	at java.base/java.util.ArrayList.forEach(ArrayList.java:1511)
... Removed 27 stack frames</div></td></tr></table><p class="totop"><a href="#summary">back to summary</a></p>
<h3 id="m3">Testcases.paymentTest#Setup</h3><table class="result"><tr><th class="invisible"/></tr></table><p class="totop"><a href="#summary">back to summary</a></p>
<h3 id="m4">Testcases.paymentTest#afterMethod</h3><table class="result"><tr><th class="invisible"/></tr></table><p class="totop"><a href="#summary">back to summary</a></p>
<h3 id="m5">Testcases.paymentTest#afterMethod</h3><table class="result"><tr><th class="invisible"/></tr></table><p class="totop"><a href="#summary">back to summary</a></p>
<h3 id="m6">Testcases.paymentTest#startTest</h3><table class="result"><tr><th class="invisible"/></tr></table><p class="totop"><a href="#summary">back to summary</a></p>
<h3 id="m7">Testcases.paymentTest#teardown</h3><table class="result"><tr><th class="invisible"/></tr></table><p class="totop"><a href="#summary">back to summary</a></p>
<h3 id="m8">Testcases.paymentTest#teardown</h3><table class="result"><tr><th class="invisible"/></tr></table><p class="totop"><a href="#summary">back to summary</a></p>
<h3 id="m9">Testcases.paymentTest#paymentgiftcard</h3><table class="result"><tr><th>Exception</th></tr><tr><td><div class="stacktrace">org.openqa.selenium.TimeoutException: java.util.concurrent.TimeoutException
Build info: version: &apos;4.4.0&apos;, revision: &apos;e5c75ed026a&apos;
System info: host: &apos;IN-PG02A5LG&apos;, ip: &apos;192.168.16.102&apos;, os.name: &apos;Windows 11&apos;, os.arch: &apos;amd64&apos;, os.version: &apos;10.0&apos;, java.version: &apos;17.0.2&apos;
Driver info: org.openqa.selenium.chrome.ChromeDriver
Command: [68cffafc339fde54d8646e242b01e66c, get {url=https://www.flipkart.com/}]
Capabilities {acceptInsecureCerts: false, browserName: chrome, browserVersion: 105.0.5195.127, chrome: {chromedriverVersion: 105.0.5195.52 (412c95e51883..., userDataDir: C:\Users\HIMANS~1\AppData\L...}, goog:chromeOptions: {debuggerAddress: localhost:65297}, networkConnectionEnabled: false, pageLoadStrategy: normal, platformName: WINDOWS, proxy: Proxy(), se:cdp: ws://localhost:65297/devtoo..., se:cdpVersion: 105.0.5195.127, setWindowRect: true, strictFileInteractability: false, timeouts: {implicit: 0, pageLoad: 300000, script: 30000}, unhandledPromptBehavior: dismiss and notify, webauthn:extension:credBlob: true, webauthn:extension:largeBlob: true, webauthn:virtualAuthenticators: true}
Session ID: 68cffafc339fde54d8646e242b01e66c
	at org.openqa.selenium.remote.http.netty.NettyHttpHandler.makeCall(NettyHttpHandler.java:65)
	at org.openqa.selenium.remote.http.AddSeleniumUserAgent.lambda$apply$0(AddSeleniumUserAgent.java:42)
	at org.openqa.selenium.remote.http.Filter.lambda$andFinally$1(Filter.java:56)
	at org.openqa.selenium.remote.http.netty.NettyHttpHandler.execute(NettyHttpHandler.java:49)
	at org.openqa.selenium.remote.http.AddSeleniumUserAgent.lambda$apply$0(AddSeleniumUserAgent.java:42)
	at org.openqa.selenium.remote.http.Filter.lambda$andFinally$1(Filter.java:56)
	at org.openqa.selenium.remote.http.netty.NettyClient.execute(NettyClient.java:98)
	at org.openqa.selenium.remote.HttpCommandExecutor.execute(HttpCommandExecutor.java:181)
	at org.openqa.selenium.remote.service.DriverCommandExecutor.invokeExecute(DriverCommandExecutor.java:167)
	at org.openqa.selenium.remote.service.DriverCommandExecutor.execute(DriverCommandExecutor.java:142)
	at org.openqa.selenium.remote.RemoteWebDriver.execute(RemoteWebDriver.java:547)
	at org.openqa.selenium.remote.RemoteWebDriver.get(RemoteWebDriver.java:310)
	at BasePage.BasePage.setup(BasePage.java:68)
	at Testcases.paymentTest.Setup(paymentTest.java:33)
	at java.base/java.util.ArrayList.forEach(ArrayList.java:1511)
Caused by: java.util.concurrent.TimeoutException
	at java.base/java.util.concurrent.CompletableFuture.timedGet(CompletableFuture.java:1960)
	at java.base/java.util.concurrent.CompletableFuture.get(CompletableFuture.java:2095)
	at org.asynchttpclient.netty.NettyResponseFuture.get(NettyResponseFuture.java:206)
	at org.openqa.selenium.remote.http.netty.NettyHttpHandler.makeCall(NettyHttpHandler.java:59)
	... 45 more
... Removed 31 stack frames</div></td></tr></table><p class="totop"><a href="#summary">back to summary</a></p>
<h3 id="m10">Testcases.paymentTest#paymentsavedcard</h3><table class="result"><tr><th>Exception</th></tr><tr><td><div class="stacktrace">org.openqa.selenium.TimeoutException: java.util.concurrent.TimeoutException
Build info: version: &apos;4.4.0&apos;, revision: &apos;e5c75ed026a&apos;
System info: host: &apos;IN-PG02A5LG&apos;, ip: &apos;192.168.16.102&apos;, os.name: &apos;Windows 11&apos;, os.arch: &apos;amd64&apos;, os.version: &apos;10.0&apos;, java.version: &apos;17.0.2&apos;
Driver info: org.openqa.selenium.chrome.ChromeDriver
Command: [68cffafc339fde54d8646e242b01e66c, get {url=https://www.flipkart.com/}]
Capabilities {acceptInsecureCerts: false, browserName: chrome, browserVersion: 105.0.5195.127, chrome: {chromedriverVersion: 105.0.5195.52 (412c95e51883..., userDataDir: C:\Users\HIMANS~1\AppData\L...}, goog:chromeOptions: {debuggerAddress: localhost:65297}, networkConnectionEnabled: false, pageLoadStrategy: normal, platformName: WINDOWS, proxy: Proxy(), se:cdp: ws://localhost:65297/devtoo..., se:cdpVersion: 105.0.5195.127, setWindowRect: true, strictFileInteractability: false, timeouts: {implicit: 0, pageLoad: 300000, script: 30000}, unhandledPromptBehavior: dismiss and notify, webauthn:extension:credBlob: true, webauthn:extension:largeBlob: true, webauthn:virtualAuthenticators: true}
Session ID: 68cffafc339fde54d8646e242b01e66c
	at org.openqa.selenium.remote.http.netty.NettyHttpHandler.makeCall(NettyHttpHandler.java:65)
	at org.openqa.selenium.remote.http.AddSeleniumUserAgent.lambda$apply$0(AddSeleniumUserAgent.java:42)
	at org.openqa.selenium.remote.http.Filter.lambda$andFinally$1(Filter.java:56)
	at org.openqa.selenium.remote.http.netty.NettyHttpHandler.execute(NettyHttpHandler.java:49)
	at org.openqa.selenium.remote.http.AddSeleniumUserAgent.lambda$apply$0(AddSeleniumUserAgent.java:42)
	at org.openqa.selenium.remote.http.Filter.lambda$andFinally$1(Filter.java:56)
	at org.openqa.selenium.remote.http.netty.NettyClient.execute(NettyClient.java:98)
	at org.openqa.selenium.remote.HttpCommandExecutor.execute(HttpCommandExecutor.java:181)
	at org.openqa.selenium.remote.service.DriverCommandExecutor.invokeExecute(DriverCommandExecutor.java:167)
	at org.openqa.selenium.remote.service.DriverCommandExecutor.execute(DriverCommandExecutor.java:142)
	at org.openqa.selenium.remote.RemoteWebDriver.execute(RemoteWebDriver.java:547)
	at org.openqa.selenium.remote.RemoteWebDriver.get(RemoteWebDriver.java:310)
	at BasePage.BasePage.setup(BasePage.java:68)
	at Testcases.paymentTest.Setup(paymentTest.java:33)
	at java.base/java.util.ArrayList.forEach(ArrayList.java:1511)
Caused by: java.util.concurrent.TimeoutException
	at java.base/java.util.concurrent.CompletableFuture.timedGet(CompletableFuture.java:1960)
	at java.base/java.util.concurrent.CompletableFuture.get(CompletableFuture.java:2095)
	at org.asynchttpclient.netty.NettyResponseFuture.get(NettyResponseFuture.java:206)
	at org.openqa.selenium.remote.http.netty.NettyHttpHandler.makeCall(NettyHttpHandler.java:59)
	... 45 more
... Removed 31 stack frames</div></td></tr></table><p class="totop"><a href="#summary">back to summary</a></p>
<h3 id="m11">Testcases.AddtoCartTest#selectItem</h3><table class="result"><tr><th class="invisible"/></tr></table><p class="totop"><a href="#summary">back to summary</a></p>
<h3 id="m12">Testcases.CarrerTest#CareerTesting</h3><table class="result"><tr><th class="invisible"/></tr></table><p class="totop"><a href="#summary">back to summary</a></p>
<h3 id="m13">Testcases.CouponsTest#coupontesing</h3><table class="result"><tr><th class="invisible"/></tr></table><p class="totop"><a href="#summary">back to summary</a></p>
<h3 id="m14">Testcases.FilterTest#filterOption</h3><table class="result"><tr><th class="invisible"/></tr></table><p class="totop"><a href="#summary">back to summary</a></p>
<h3 id="m15">Testcases.LoginPageTest#excellogintesting</h3><table class="result"><tr><th class="invisible"/></tr></table><p class="totop"><a href="#summary">back to summary</a></p>
<h3 id="m16">Testcases.LoginPageTest#loginUsingEmailID</h3><table class="result"><tr><th class="invisible"/></tr></table><p class="totop"><a href="#summary">back to summary</a></p>
<h3 id="m17">Testcases.LoginPageTest#loginUsingMobileNumber</h3><table class="result"><tr><th class="invisible"/></tr></table><p class="totop"><a href="#summary">back to summary</a></p>
<h3 id="m18">Testcases.ProfileTest#profiletesing</h3><table class="result"><tr><th class="invisible"/></tr></table><p class="totop"><a href="#summary">back to summary</a></p>
<h3 id="m19">Testcases.SearchItemTest#searchitem</h3><table class="result"><tr><th class="invisible"/></tr></table><p class="totop"><a href="#summary">back to summary</a></p>
<h3 id="m20">Testcases.TopOfferTest#topoffertesting</h3><table class="result"><tr><th class="invisible"/></tr></table><p class="totop"><a href="#summary">back to summary</a></p>
<h3 id="m21">Testcases.TravelIconTest#TraveliconTesting</h3><table class="result"><tr><th class="invisible"/></tr></table><p class="totop"><a href="#summary">back to summary</a></p>
<h3 id="m22">Testcases.becomeAsellerTest#becomesellerTesting</h3><table class="result"><tr><th class="invisible"/></tr></table><p class="totop"><a href="#summary">back to summary</a></p>
<h3 id="m23">Testcases.contactUsTest#contactusclick</h3><table class="result"><tr><th class="invisible"/></tr></table><p class="totop"><a href="#summary">back to summary</a></p>
<h3 id="m24">Testcases.contactUsTest#helpcentericon</h3><table class="result"><tr><th class="invisible"/></tr></table><p class="totop"><a href="#summary">back to summary</a></p>
<h3 id="m25">Testcases.groceryTest#groceryiconTesting</h3><table class="result"><tr><th class="invisible"/></tr></table><p class="totop"><a href="#summary">back to summary</a></p>
<h3 id="m26">Testcases.myOrdersTest#myOrderstesting</h3><table class="result"><tr><th class="invisible"/></tr></table><p class="totop"><a href="#summary">back to summary</a></p>
<h3 id="m27">Testcases.signUpTest#signUpTesting</h3><table class="result"><tr><th class="invisible"/></tr></table><p class="totop"><a href="#summary">back to summary</a></p>
<h3 id="m28">Testcases.signoutTest#SignOutTesting</h3><table class="result"><tr><th class="invisible"/></tr></table><p class="totop"><a href="#summary">back to summary</a></p>
</body>
</html>
